*** Using Compiler 'V5.06 update 7 (build 960)', folder: 'D:\Keil_v5\ARM\ARMCC\Bin'
Rebuild target 'Target 1'
assembling startup_stm32f10x_hd.s...
compiling stm32f10x_cec.c...
compiling system_stm32f10x.c...
compiling core_cm3.c...
compiling stm32f10x_adc.c...
compiling stm32f10x_dbgmcu.c...
compiling stm32f10x_bkp.c...
compiling misc.c...
compiling stm32f10x_crc.c...
compiling stm32f10x_dac.c...
compiling stm32f10x_can.c...
compiling stm32f10x_dma.c...
compiling stm32f10x_exti.c...
compiling stm32f10x_flash.c...
compiling stm32f10x_fsmc.c...
compiling stm32f10x_gpio.c...
compiling stm32f10x_i2c.c...
compiling stm32f10x_iwdg.c...
compiling stm32f10x_pwr.c...
compiling stm32f10x_sdio.c...
compiling stm32f10x_rtc.c...
compiling stm32f10x_spi.c...
compiling stm32f10x_rcc.c...
compiling stm32f10x_usart.c...
compiling stm32f10x_tim.c...
compiling stm32f10x_wwdg.c...
compiling Delay.c...
compiling MyFLASH.c...
compiling Store.c...
compiling MyI2C.c...
compiling sys.c...
compiling Serial.c...
compiling Timer.c...
compiling LED.c...
compiling Key.c...
compiling ADC.c...
compiling Motor.c...
compiling stm32f10x_it.c...
compiling FDT.c...
compiling main.c...
compiling 5shu.c...
User\5shu.c(11): warning:  #177-D: variable "t"  was declared but never referenced
  	u16 t=0;
User\5shu.c: 1 warning, 0 errors
compiling OLED_Data_ASCII.c...
compiling OLED.c...
compiling OLED_Data_Hanzi.c...
compiling OLED_Data_Image.c...
compiling OLED_Patch_byAdam.c...
compiling menu.c...
compiling menu_Data.c...
compiling Menu_Setting.c...
compiling menu_DeBug.c...
linking...
Program Size: Code=20610 RO-data=8922 RW-data=528 ZI-data=3104  
".\Objects\Project.axf" - 0 Error(s), 1 Warning(s).
Build Time Elapsed:  00:00:06
